0 verbose cli C:\Program Files\nodejs\node.exe C:\Program Files\nodejs\node_modules\npm\bin\npm-cli.js
1 info using npm@10.2.4
2 info using node@v21.6.2
3 timing npm:load:whichnode Completed in 4ms
4 timing config:load:defaults Completed in 3ms
5 timing config:load:file:C:\Program Files\nodejs\node_modules\npm\npmrc Completed in 6ms
6 timing config:load:builtin Completed in 7ms
7 timing config:load:cli Completed in 2ms
8 timing config:load:env Completed in 0ms
9 timing config:load:file:C:\Users\daadh\ENSF381\.npmrc Completed in 1ms
10 timing config:load:project Completed in 5ms
11 timing config:load:file:C:\Users\daadh\.npmrc Completed in 0ms
12 timing config:load:user Completed in 0ms
13 timing config:load:file:C:\Users\daadh\AppData\Roaming\npm\etc\npmrc Completed in 2ms
14 timing config:load:global Completed in 2ms
15 timing config:load:setEnvs Completed in 2ms
16 timing config:load Completed in 23ms
17 timing npm:load:configload Completed in 23ms
18 timing config:load:flatten Completed in 2ms
19 timing npm:load:mkdirpcache Completed in 1ms
20 timing npm:load:mkdirplogs Completed in 1ms
21 verbose title npm exec create-react-app products-app
22 verbose argv "exec" "--" "create-react-app" "products-app"
23 timing npm:load:setTitle Completed in 1ms
24 timing npm:load:display Completed in 0ms
25 verbose logfile logs-max:10 dir:C:\Users\daadh\ENSF381\Users\daadh\AppData\Roaming\npm-cache\_logs\2024-03-11T19_10_14_941Z-
26 verbose logfile C:\Users\daadh\ENSF381\Users\daadh\AppData\Roaming\npm-cache\_logs\2024-03-11T19_10_14_941Z-debug-0.log
27 timing npm:load:logFile Completed in 12ms
28 timing npm:load:timers Completed in 0ms
29 timing npm:load:configScope Completed in 0ms
30 timing npm:load Completed in 81ms
31 silly logfile done cleaning log files
32 timing arborist:ctor Completed in 1ms
33 http fetch GET 200 https://registry.npmjs.org/create-react-app 561ms (cache miss)
34 timing arborist:ctor Completed in 0ms
35 timing arborist:ctor Completed in 0ms
36 http fetch GET 200 https://registry.npmjs.org/npm 1734ms (cache miss)
37 timing arborist:ctor Completed in 1ms
38 timing idealTree:init Completed in 8ms
39 timing idealTree:userRequests Completed in 1ms
40 silly idealTree buildDeps
41 silly fetch manifest create-react-app@5.0.1
42 http fetch GET 200 https://registry.npmjs.org/create-react-app 15ms (cache hit)
43 silly placeDep ROOT create-react-app@5.0.1 OK for:  want: 5.0.1
44 silly fetch manifest chalk@^4.1.2
45 silly fetch manifest commander@^4.1.1
46 silly fetch manifest cross-spawn@^7.0.3
47 silly fetch manifest envinfo@^7.8.1
48 silly fetch manifest fs-extra@^10.0.0
49 silly fetch manifest hyperquest@^2.1.3
50 silly fetch manifest prompts@^2.4.2
51 silly fetch manifest semver@^7.3.5
52 silly fetch manifest tar-pack@^3.4.1
53 silly fetch manifest tmp@^0.2.1
54 silly fetch manifest validate-npm-package-name@^3.0.0
55 http fetch GET 200 https://registry.npmjs.org/chalk 54ms (cache miss)
56 http fetch GET 200 https://registry.npmjs.org/commander 101ms (cache miss)
57 http fetch GET 200 https://registry.npmjs.org/tar-pack 350ms (cache miss)
58 http fetch GET 200 https://registry.npmjs.org/hyperquest 362ms (cache miss)
59 http fetch GET 200 https://registry.npmjs.org/validate-npm-package-name 511ms (cache miss)
60 http fetch GET 200 https://registry.npmjs.org/tmp 514ms (cache miss)
61 http fetch GET 200 https://registry.npmjs.org/fs-extra 539ms (cache miss)
62 http fetch GET 200 https://registry.npmjs.org/semver 581ms (cache miss)
63 http fetch GET 200 https://registry.npmjs.org/cross-spawn 1022ms (cache miss)
64 http fetch GET 200 https://registry.npmjs.org/envinfo 1031ms (cache miss)
65 http fetch GET 200 https://registry.npmjs.org/prompts 1047ms (cache miss)
66 timing idealTree:#root Completed in 1077ms
67 silly placeDep ROOT chalk@4.1.2 OK for: create-react-app@5.0.1 want: ^4.1.2
68 silly fetch manifest ansi-styles@^4.1.0
69 silly fetch manifest supports-color@^7.1.0
70 silly placeDep ROOT commander@4.1.1 OK for: create-react-app@5.0.1 want: ^4.1.1
71 silly placeDep ROOT cross-spawn@7.0.3 OK for: create-react-app@5.0.1 want: ^7.0.3
72 silly fetch manifest path-key@^3.1.0
73 silly fetch manifest shebang-command@^2.0.0
74 silly fetch manifest which@^2.0.1
75 silly placeDep ROOT envinfo@7.11.1 OK for: create-react-app@5.0.1 want: ^7.8.1
76 silly placeDep ROOT fs-extra@10.1.0 OK for: create-react-app@5.0.1 want: ^10.0.0
77 silly fetch manifest graceful-fs@^4.2.0
78 silly fetch manifest jsonfile@^6.0.1
79 silly fetch manifest universalify@^2.0.0
80 silly placeDep ROOT hyperquest@2.1.3 OK for: create-react-app@5.0.1 want: ^2.1.3
81 silly fetch manifest buffer-from@^0.1.1
82 silly fetch manifest duplexer2@~0.0.2
83 silly fetch manifest through2@~0.6.3
84 silly placeDep ROOT prompts@2.4.2 OK for: create-react-app@5.0.1 want: ^2.4.2
85 silly fetch manifest kleur@^3.0.3
86 silly fetch manifest sisteransi@^1.0.5
87 silly placeDep ROOT semver@7.6.0 OK for: create-react-app@5.0.1 want: ^7.3.5
88 silly fetch manifest lru-cache@^6.0.0
89 silly placeDep ROOT tar-pack@3.4.1 OK for: create-react-app@5.0.1 want: ^3.4.1
90 silly fetch manifest debug@^2.2.0
91 silly fetch manifest fstream@^1.0.10
92 silly fetch manifest fstream-ignore@^1.0.5
93 silly fetch manifest once@^1.3.3
94 silly fetch manifest readable-stream@^2.1.4
95 silly fetch manifest rimraf@^2.5.1
96 silly fetch manifest tar@^2.2.1
97 silly fetch manifest uid-number@^0.0.6
98 silly placeDep ROOT tmp@0.2.3 OK for: create-react-app@5.0.1 want: ^0.2.1
99 silly placeDep ROOT validate-npm-package-name@3.0.0 OK for: create-react-app@5.0.1 want: ^3.0.0
100 silly fetch manifest builtins@^1.0.3
101 http fetch GET 200 https://registry.npmjs.org/path-key 78ms (cache miss)
102 http fetch GET 200 https://registry.npmjs.org/ansi-styles 83ms (cache miss)
103 http fetch GET 200 https://registry.npmjs.org/duplexer2 73ms (cache miss)
104 http fetch GET 200 https://registry.npmjs.org/through2 72ms (cache miss)
105 http fetch GET 200 https://registry.npmjs.org/buffer-from 90ms (cache miss)
106 http fetch GET 200 https://registry.npmjs.org/jsonfile 92ms (cache miss)
107 http fetch GET 200 https://registry.npmjs.org/builtins 114ms (cache miss)
108 http fetch GET 200 https://registry.npmjs.org/fstream-ignore 121ms (cache miss)
109 http fetch GET 200 https://registry.npmjs.org/which 322ms (cache miss)
110 http fetch GET 200 https://registry.npmjs.org/debug 337ms (cache miss)
111 http fetch GET 200 https://registry.npmjs.org/shebang-command 355ms (cache miss)
112 http fetch GET 200 https://registry.npmjs.org/universalify 491ms (cache miss)
113 http fetch GET 200 https://registry.npmjs.org/graceful-fs 557ms (cache miss)
114 http fetch GET 200 https://registry.npmjs.org/rimraf 566ms (cache miss)
115 http fetch GET 200 https://registry.npmjs.org/sisteransi 590ms (cache miss)
116 http fetch GET 200 https://registry.npmjs.org/fstream 589ms (cache miss)
117 http fetch GET 200 https://registry.npmjs.org/once 590ms (cache miss)
118 http fetch GET 200 https://registry.npmjs.org/kleur 594ms (cache miss)
119 http fetch GET 200 https://registry.npmjs.org/uid-number 591ms (cache miss)
120 http fetch GET 200 https://registry.npmjs.org/readable-stream 640ms (cache miss)
121 http fetch GET 200 https://registry.npmjs.org/tar 661ms (cache miss)
122 http fetch GET 200 https://registry.npmjs.org/lru-cache 807ms (cache miss)
123 http fetch GET 200 https://registry.npmjs.org/supports-color 1012ms (cache miss)
124 timing idealTree:node_modules/create-react-app Completed in 1027ms
125 silly placeDep ROOT ansi-styles@4.3.0 OK for: chalk@4.1.2 want: ^4.1.0
126 silly fetch manifest color-convert@^2.0.1
127 silly placeDep ROOT supports-color@7.2.0 OK for: chalk@4.1.2 want: ^7.1.0
128 silly fetch manifest has-flag@^4.0.0
129 http fetch GET 200 https://registry.npmjs.org/has-flag 40ms (cache miss)
130 http fetch GET 200 https://registry.npmjs.org/color-convert 43ms (cache miss)
131 timing idealTree:node_modules/chalk Completed in 48ms
132 silly placeDep ROOT color-convert@2.0.1 OK for: ansi-styles@4.3.0 want: ^2.0.1
133 silly fetch manifest color-name@~1.1.4
134 http fetch GET 200 https://registry.npmjs.org/color-name 35ms (cache miss)
135 timing idealTree:node_modules/ansi-styles Completed in 40ms
136 silly placeDep ROOT color-name@1.1.4 OK for: color-convert@2.0.1 want: ~1.1.4
137 timing idealTree:node_modules/color-convert Completed in 2ms
138 timing idealTree:node_modules/color-name Completed in 0ms
139 timing idealTree:node_modules/commander Completed in 0ms
140 silly placeDep ROOT path-key@3.1.1 OK for: cross-spawn@7.0.3 want: ^3.1.0
141 silly placeDep ROOT shebang-command@2.0.0 OK for: cross-spawn@7.0.3 want: ^2.0.0
142 silly fetch manifest shebang-regex@^3.0.0
143 silly placeDep ROOT which@2.0.2 OK for: cross-spawn@7.0.3 want: ^2.0.1
144 silly fetch manifest isexe@^2.0.0
145 http fetch GET 200 https://registry.npmjs.org/shebang-regex 41ms (cache miss)
146 http fetch GET 200 https://registry.npmjs.org/isexe 42ms (cache miss)
147 timing idealTree:node_modules/cross-spawn Completed in 48ms
148 timing idealTree:node_modules/envinfo Completed in 0ms
149 silly placeDep ROOT graceful-fs@4.2.11 OK for: fs-extra@10.1.0 want: ^4.2.0
150 silly placeDep ROOT jsonfile@6.1.0 OK for: fs-extra@10.1.0 want: ^6.0.1
151 silly placeDep ROOT universalify@2.0.1 OK for: fs-extra@10.1.0 want: ^2.0.0
152 timing idealTree:node_modules/fs-extra Completed in 7ms
153 timing idealTree:node_modules/graceful-fs Completed in 0ms
154 silly placeDep ROOT buffer-from@0.1.2 OK for: hyperquest@2.1.3 want: ^0.1.1
155 silly placeDep ROOT duplexer2@0.0.2 OK for: hyperquest@2.1.3 want: ~0.0.2
156 silly fetch manifest readable-stream@~1.1.9
157 silly placeDep ROOT through2@0.6.5 OK for: hyperquest@2.1.3 want: ~0.6.3
158 silly fetch manifest readable-stream@>=1.0.33-1 <1.1.0-0
159 silly fetch manifest xtend@>=4.0.0 <4.1.0-0
160 http fetch GET 200 https://registry.npmjs.org/xtend 62ms (cache miss)
161 timing idealTree:node_modules/hyperquest Completed in 71ms
162 timing idealTree:node_modules/buffer-from Completed in 0ms
163 silly placeDep ROOT readable-stream@1.1.14 OK for: duplexer2@0.0.2 want: ~1.1.9
164 silly fetch manifest core-util-is@~1.0.0
165 silly fetch manifest isarray@0.0.1
166 silly fetch manifest string_decoder@~0.10.x
167 silly fetch manifest inherits@~2.0.1
168 http fetch GET 200 https://registry.npmjs.org/string_decoder 48ms (cache miss)
169 http fetch GET 200 https://registry.npmjs.org/inherits 48ms (cache miss)
170 http fetch GET 200 https://registry.npmjs.org/isarray 51ms (cache miss)
171 http fetch GET 200 https://registry.npmjs.org/core-util-is 59ms (cache miss)
172 timing idealTree:node_modules/duplexer2 Completed in 63ms
173 timing idealTree:node_modules/jsonfile Completed in 0ms
174 timing idealTree:node_modules/path-key Completed in 0ms
175 silly placeDep ROOT kleur@3.0.3 OK for: prompts@2.4.2 want: ^3.0.3
176 silly placeDep ROOT sisteransi@1.0.5 OK for: prompts@2.4.2 want: ^1.0.5
177 timing idealTree:node_modules/prompts Completed in 3ms
178 timing idealTree:node_modules/kleur Completed in 0ms
179 silly placeDep ROOT core-util-is@1.0.3 OK for: readable-stream@1.1.14 want: ~1.0.0
180 silly placeDep ROOT inherits@2.0.4 OK for: readable-stream@1.1.14 want: ~2.0.1
181 silly placeDep ROOT isarray@0.0.1 OK for: readable-stream@1.1.14 want: 0.0.1
182 silly placeDep ROOT string_decoder@0.10.31 OK for: readable-stream@1.1.14 want: ~0.10.x
183 timing idealTree:node_modules/readable-stream Completed in 7ms
184 timing idealTree:node_modules/core-util-is Completed in 0ms
185 timing idealTree:node_modules/inherits Completed in 0ms
186 timing idealTree:node_modules/isarray Completed in 0ms
187 silly placeDep ROOT lru-cache@6.0.0 OK for: semver@7.6.0 want: ^6.0.0
188 silly fetch manifest yallist@^4.0.0
189 http fetch GET 200 https://registry.npmjs.org/yallist 43ms (cache miss)
190 timing idealTree:node_modules/semver Completed in 45ms
191 silly placeDep ROOT yallist@4.0.0 OK for: lru-cache@6.0.0 want: ^4.0.0
192 timing idealTree:node_modules/lru-cache Completed in 2ms
193 silly placeDep ROOT shebang-regex@3.0.0 OK for: shebang-command@2.0.0 want: ^3.0.0
194 timing idealTree:node_modules/shebang-command Completed in 2ms
195 timing idealTree:node_modules/shebang-regex Completed in 0ms
196 timing idealTree:node_modules/sisteransi Completed in 0ms
197 timing idealTree:node_modules/string_decoder Completed in 0ms
198 silly placeDep ROOT has-flag@4.0.0 OK for: supports-color@7.2.0 want: ^4.0.0
199 timing idealTree:node_modules/supports-color Completed in 2ms
200 timing idealTree:node_modules/has-flag Completed in 0ms
201 silly placeDep ROOT debug@2.6.9 OK for: tar-pack@3.4.1 want: ^2.2.0
202 silly fetch manifest ms@2.0.0
203 silly placeDep ROOT fstream@1.0.12 OK for: tar-pack@3.4.1 want: ^1.0.10
204 silly fetch manifest mkdirp@>=0.5 0
205 silly fetch manifest rimraf@2
206 silly placeDep ROOT fstream-ignore@1.0.5 OK for: tar-pack@3.4.1 want: ^1.0.5
207 silly fetch manifest minimatch@^3.0.0
208 silly placeDep ROOT once@1.4.0 OK for: tar-pack@3.4.1 want: ^1.3.3
209 silly fetch manifest wrappy@1
210 silly placeDep node_modules/tar-pack readable-stream@2.3.8 OK for: tar-pack@3.4.1 want: ^2.1.4
211 silly fetch manifest isarray@~1.0.0
212 silly fetch manifest process-nextick-args@~2.0.0
213 silly fetch manifest safe-buffer@~5.1.1
214 silly fetch manifest string_decoder@~1.1.1
215 silly fetch manifest util-deprecate@~1.0.1
216 silly placeDep ROOT rimraf@2.7.1 OK for: tar-pack@3.4.1 want: ^2.5.1
217 silly fetch manifest glob@^7.1.3
218 silly placeDep ROOT tar@2.2.2 OK for: tar-pack@3.4.1 want: ^2.2.1
219 silly fetch manifest block-stream@*
220 silly placeDep ROOT uid-number@0.0.6 OK for: tar-pack@3.4.1 want: ^0.0.6
221 http fetch GET 200 https://registry.npmjs.org/ms 53ms (cache miss)
222 http fetch GET 200 https://registry.npmjs.org/util-deprecate 44ms (cache miss)
223 http fetch GET 200 https://registry.npmjs.org/mkdirp 53ms (cache miss)
224 http fetch GET 200 https://registry.npmjs.org/wrappy 51ms (cache miss)
225 http fetch GET 200 https://registry.npmjs.org/process-nextick-args 89ms (cache miss)
226 http fetch GET 200 https://registry.npmjs.org/glob 91ms (cache miss)
227 http fetch GET 200 https://registry.npmjs.org/minimatch 141ms (cache miss)
228 http fetch GET 200 https://registry.npmjs.org/safe-buffer 325ms (cache miss)
229 http fetch GET 200 https://registry.npmjs.org/block-stream 352ms (cache miss)
230 timing idealTree:node_modules/tar-pack Completed in 374ms
231 silly placeDep ROOT ms@2.0.0 OK for: debug@2.6.9 want: 2.0.0
232 timing idealTree:node_modules/debug Completed in 3ms
233 silly placeDep ROOT mkdirp@0.5.6 OK for: fstream@1.0.12 want: >=0.5 0
234 silly fetch manifest minimist@^1.2.6
235 http fetch GET 200 https://registry.npmjs.org/minimist 42ms (cache miss)
236 timing idealTree:node_modules/fstream Completed in 48ms
237 silly placeDep ROOT minimatch@3.1.2 OK for: fstream-ignore@1.0.5 want: ^3.0.0
238 silly fetch manifest brace-expansion@^1.1.7
239 http fetch GET 200 https://registry.npmjs.org/brace-expansion 38ms (cache miss)
240 timing idealTree:node_modules/fstream-ignore Completed in 41ms
241 silly placeDep ROOT brace-expansion@1.1.11 OK for: minimatch@3.1.2 want: ^1.1.7
242 silly fetch manifest balanced-match@^1.0.0
243 silly fetch manifest concat-map@0.0.1
244 http fetch GET 200 https://registry.npmjs.org/concat-map 39ms (cache miss)
245 http fetch GET 200 https://registry.npmjs.org/balanced-match 44ms (cache miss)
246 timing idealTree:node_modules/minimatch Completed in 48ms
247 silly placeDep ROOT balanced-match@1.0.2 OK for: brace-expansion@1.1.11 want: ^1.0.0
248 silly placeDep ROOT concat-map@0.0.1 OK for: brace-expansion@1.1.11 want: 0.0.1
249 timing idealTree:node_modules/brace-expansion Completed in 4ms
250 timing idealTree:node_modules/balanced-match Completed in 0ms
251 timing idealTree:node_modules/concat-map Completed in 0ms
252 silly placeDep ROOT minimist@1.2.8 OK for: mkdirp@0.5.6 want: ^1.2.6
253 timing idealTree:node_modules/mkdirp Completed in 2ms
254 timing idealTree:node_modules/minimist Completed in 0ms
255 timing idealTree:node_modules/ms Completed in 0ms
256 silly placeDep ROOT wrappy@1.0.2 OK for: once@1.4.0 want: 1
257 timing idealTree:node_modules/once Completed in 2ms
258 silly placeDep ROOT glob@7.2.3 OK for: rimraf@2.7.1 want: ^7.1.3
259 silly fetch manifest fs.realpath@^1.0.0
260 silly fetch manifest inflight@^1.0.4
261 silly fetch manifest path-is-absolute@^1.0.0
262 http fetch GET 200 https://registry.npmjs.org/inflight 37ms (cache miss)
263 http fetch GET 200 https://registry.npmjs.org/fs.realpath 39ms (cache miss)
264 http fetch GET 200 https://registry.npmjs.org/path-is-absolute 39ms (cache miss)
265 timing idealTree:node_modules/rimraf Completed in 47ms
266 silly placeDep ROOT fs.realpath@1.0.0 OK for: glob@7.2.3 want: ^1.0.0
267 silly placeDep ROOT inflight@1.0.6 OK for: glob@7.2.3 want: ^1.0.4
268 silly placeDep ROOT path-is-absolute@1.0.1 OK for: glob@7.2.3 want: ^1.0.0
269 timing idealTree:node_modules/glob Completed in 3ms
270 timing idealTree:node_modules/fs.realpath Completed in 0ms
271 timing idealTree:node_modules/inflight Completed in 0ms
272 timing idealTree:node_modules/path-is-absolute Completed in 0ms
273 silly placeDep ROOT block-stream@0.0.9 OK for: tar@2.2.2 want: *
274 timing idealTree:node_modules/tar Completed in 1ms
275 timing idealTree:node_modules/block-stream Completed in 0ms
276 silly placeDep node_modules/through2 readable-stream@1.0.34 OK for: through2@0.6.5 want: >=1.0.33-1 <1.1.0-0
277 silly placeDep ROOT xtend@4.0.2 OK for: through2@0.6.5 want: >=4.0.0 <4.1.0-0
278 timing idealTree:node_modules/through2 Completed in 2ms
279 timing idealTree:node_modules/tmp Completed in 0ms
280 timing idealTree:node_modules/uid-number Completed in 0ms
281 timing idealTree:node_modules/universalify Completed in 0ms
282 silly placeDep ROOT builtins@1.0.3 OK for: validate-npm-package-name@3.0.0 want: ^1.0.3
283 timing idealTree:node_modules/validate-npm-package-name Completed in 1ms
284 timing idealTree:node_modules/builtins Completed in 0ms
285 silly placeDep ROOT isexe@2.0.0 OK for: which@2.0.2 want: ^2.0.0
286 timing idealTree:node_modules/which Completed in 1ms
287 timing idealTree:node_modules/isexe Completed in 0ms
288 timing idealTree:node_modules/wrappy Completed in 0ms
289 timing idealTree:node_modules/xtend Completed in 0ms
290 timing idealTree:node_modules/yallist Completed in 0ms
291 silly placeDep node_modules/tar-pack isarray@1.0.0 OK for: readable-stream@2.3.8 want: ~1.0.0
292 silly placeDep ROOT process-nextick-args@2.0.1 OK for: readable-stream@2.3.8 want: ~2.0.0
293 silly placeDep ROOT safe-buffer@5.1.2 OK for: readable-stream@2.3.8 want: ~5.1.1
294 silly placeDep node_modules/tar-pack string_decoder@1.1.1 OK for: readable-stream@2.3.8 want: ~1.1.1
295 silly placeDep ROOT util-deprecate@1.0.2 OK for: readable-stream@2.3.8 want: ~1.0.1
296 timing idealTree:node_modules/tar-pack/node_modules/readable-stream Completed in 5ms
297 timing idealTree:node_modules/process-nextick-args Completed in 0ms
298 timing idealTree:node_modules/safe-buffer Completed in 0ms
299 timing idealTree:node_modules/util-deprecate Completed in 0ms
300 timing idealTree:node_modules/tar-pack/node_modules/isarray Completed in 0ms
301 timing idealTree:node_modules/tar-pack/node_modules/string_decoder Completed in 0ms
302 timing idealTree:node_modules/through2/node_modules/readable-stream Completed in 0ms
303 timing idealTree:buildDeps Completed in 3038ms
304 timing idealTree:fixDepFlags Completed in 1ms
305 timing idealTree Completed in 3050ms
306 timing reify:loadTrees Completed in 3051ms
307 timing reify:diffTrees Completed in 1ms
308 silly reify moves {}
309 timing reify:retireShallow Completed in 1ms
310 timing reify:createSparse Completed in 28ms
311 timing reify:loadBundles Completed in 0ms
312 silly audit bulk request {
312 silly audit   'create-react-app': [ '5.0.1' ],
312 silly audit   chalk: [ '4.1.2' ],
312 silly audit   commander: [ '4.1.1' ],
312 silly audit   'cross-spawn': [ '7.0.3' ],
312 silly audit   envinfo: [ '7.11.1' ],
312 silly audit   'fs-extra': [ '10.1.0' ],
312 silly audit   hyperquest: [ '2.1.3' ],
312 silly audit   prompts: [ '2.4.2' ],
312 silly audit   semver: [ '7.6.0' ],
312 silly audit   'tar-pack': [ '3.4.1' ],
312 silly audit   tmp: [ '0.2.3' ],
312 silly audit   'validate-npm-package-name': [ '3.0.0' ],
312 silly audit   'ansi-styles': [ '4.3.0' ],
312 silly audit   'supports-color': [ '7.2.0' ],
312 silly audit   'color-convert': [ '2.0.1' ],
312 silly audit   'color-name': [ '1.1.4' ],
312 silly audit   'path-key': [ '3.1.1' ],
312 silly audit   'shebang-command': [ '2.0.0' ],
312 silly audit   which: [ '2.0.2' ],
312 silly audit   'graceful-fs': [ '4.2.11' ],
312 silly audit   jsonfile: [ '6.1.0' ],
312 silly audit   universalify: [ '2.0.1' ],
312 silly audit   'buffer-from': [ '0.1.2' ],
312 silly audit   duplexer2: [ '0.0.2' ],
312 silly audit   through2: [ '0.6.5' ],
312 silly audit   'readable-stream': [ '1.1.14', '2.3.8', '1.0.34' ],
312 silly audit   kleur: [ '3.0.3' ],
312 silly audit   sisteransi: [ '1.0.5' ],
312 silly audit   'core-util-is': [ '1.0.3' ],
312 silly audit   inherits: [ '2.0.4' ],
312 silly audit   isarray: [ '0.0.1', '1.0.0' ],
312 silly audit   string_decoder: [ '0.10.31', '1.1.1' ],
312 silly audit   'lru-cache': [ '6.0.0' ],
312 silly audit   yallist: [ '4.0.0' ],
312 silly audit   'shebang-regex': [ '3.0.0' ],
312 silly audit   'has-flag': [ '4.0.0' ],
312 silly audit   debug: [ '2.6.9' ],
312 silly audit   fstream: [ '1.0.12' ],
312 silly audit   'fstream-ignore': [ '1.0.5' ],
312 silly audit   once: [ '1.4.0' ],
312 silly audit   rimraf: [ '2.7.1' ],
312 silly audit   tar: [ '2.2.2' ],
312 silly audit   'uid-number': [ '0.0.6' ],
312 silly audit   ms: [ '2.0.0' ],
312 silly audit   mkdirp: [ '0.5.6' ],
312 silly audit   minimatch: [ '3.1.2' ],
312 silly audit   'brace-expansion': [ '1.1.11' ],
312 silly audit   'balanced-match': [ '1.0.2' ],
312 silly audit   'concat-map': [ '0.0.1' ],
312 silly audit   minimist: [ '1.2.8' ],
312 silly audit   wrappy: [ '1.0.2' ],
312 silly audit   glob: [ '7.2.3' ],
312 silly audit   'fs.realpath': [ '1.0.0' ],
312 silly audit   inflight: [ '1.0.6' ],
312 silly audit   'path-is-absolute': [ '1.0.1' ],
312 silly audit   'block-stream': [ '0.0.9' ],
312 silly audit   xtend: [ '4.0.2' ],
312 silly audit   builtins: [ '1.0.3' ],
312 silly audit   isexe: [ '2.0.0' ],
312 silly audit   'process-nextick-args': [ '2.0.1' ],
312 silly audit   'safe-buffer': [ '5.1.2' ],
312 silly audit   'util-deprecate': [ '1.0.2' ]
312 silly audit }
313 silly tarball no local data for util-deprecate@https://registry.npmjs.org/util-deprecate/-/util-deprecate-1.0.2.tgz. Extracting by manifest.
314 silly tarball no local data for safe-buffer@https://registry.npmjs.org/safe-buffer/-/safe-buffer-5.1.2.tgz. Extracting by manifest.
315 silly tarball no local data for process-nextick-args@https://registry.npmjs.org/process-nextick-args/-/process-nextick-args-2.0.1.tgz. Extracting by manifest.
316 silly tarball no local data for isexe@https://registry.npmjs.org/isexe/-/isexe-2.0.0.tgz. Extracting by manifest.
317 silly tarball no local data for xtend@https://registry.npmjs.org/xtend/-/xtend-4.0.2.tgz. Extracting by manifest.
318 silly tarball no local data for builtins@https://registry.npmjs.org/builtins/-/builtins-1.0.3.tgz. Extracting by manifest.
319 silly tarball no local data for block-stream@https://registry.npmjs.org/block-stream/-/block-stream-0.0.9.tgz. Extracting by manifest.
320 silly tarball no local data for path-is-absolute@https://registry.npmjs.org/path-is-absolute/-/path-is-absolute-1.0.1.tgz. Extracting by manifest.
321 silly tarball no local data for inflight@https://registry.npmjs.org/inflight/-/inflight-1.0.6.tgz. Extracting by manifest.
322 silly tarball no local data for fs.realpath@https://registry.npmjs.org/fs.realpath/-/fs.realpath-1.0.0.tgz. Extracting by manifest.
323 silly tarball no local data for glob@https://registry.npmjs.org/glob/-/glob-7.2.3.tgz. Extracting by manifest.
324 silly tarball no local data for wrappy@https://registry.npmjs.org/wrappy/-/wrappy-1.0.2.tgz. Extracting by manifest.
325 silly tarball no local data for minimist@https://registry.npmjs.org/minimist/-/minimist-1.2.8.tgz. Extracting by manifest.
326 silly tarball no local data for concat-map@https://registry.npmjs.org/concat-map/-/concat-map-0.0.1.tgz. Extracting by manifest.
327 silly tarball no local data for balanced-match@https://registry.npmjs.org/balanced-match/-/balanced-match-1.0.2.tgz. Extracting by manifest.
328 silly tarball no local data for brace-expansion@https://registry.npmjs.org/brace-expansion/-/brace-expansion-1.1.11.tgz. Extracting by manifest.
329 silly tarball no local data for minimatch@https://registry.npmjs.org/minimatch/-/minimatch-3.1.2.tgz. Extracting by manifest.
330 silly tarball no local data for mkdirp@https://registry.npmjs.org/mkdirp/-/mkdirp-0.5.6.tgz. Extracting by manifest.
331 silly tarball no local data for ms@https://registry.npmjs.org/ms/-/ms-2.0.0.tgz. Extracting by manifest.
332 silly tarball no local data for uid-number@https://registry.npmjs.org/uid-number/-/uid-number-0.0.6.tgz. Extracting by manifest.
333 silly tarball no local data for rimraf@https://registry.npmjs.org/rimraf/-/rimraf-2.7.1.tgz. Extracting by manifest.
334 silly tarball no local data for tar@https://registry.npmjs.org/tar/-/tar-2.2.2.tgz. Extracting by manifest.
335 silly tarball no local data for fstream-ignore@https://registry.npmjs.org/fstream-ignore/-/fstream-ignore-1.0.5.tgz. Extracting by manifest.
336 silly tarball no local data for fstream@https://registry.npmjs.org/fstream/-/fstream-1.0.12.tgz. Extracting by manifest.
337 silly tarball no local data for debug@https://registry.npmjs.org/debug/-/debug-2.6.9.tgz. Extracting by manifest.
338 silly tarball no local data for once@https://registry.npmjs.org/once/-/once-1.4.0.tgz. Extracting by manifest.
339 silly tarball no local data for has-flag@https://registry.npmjs.org/has-flag/-/has-flag-4.0.0.tgz. Extracting by manifest.
340 silly tarball no local data for shebang-regex@https://registry.npmjs.org/shebang-regex/-/shebang-regex-3.0.0.tgz. Extracting by manifest.
341 silly tarball no local data for yallist@https://registry.npmjs.org/yallist/-/yallist-4.0.0.tgz. Extracting by manifest.
342 silly tarball no local data for lru-cache@https://registry.npmjs.org/lru-cache/-/lru-cache-6.0.0.tgz. Extracting by manifest.
343 silly tarball no local data for string_decoder@https://registry.npmjs.org/string_decoder/-/string_decoder-0.10.31.tgz. Extracting by manifest.
344 silly tarball no local data for inherits@https://registry.npmjs.org/inherits/-/inherits-2.0.4.tgz. Extracting by manifest.
345 silly tarball no local data for isarray@https://registry.npmjs.org/isarray/-/isarray-0.0.1.tgz. Extracting by manifest.
346 silly tarball no local data for core-util-is@https://registry.npmjs.org/core-util-is/-/core-util-is-1.0.3.tgz. Extracting by manifest.
347 silly tarball no local data for sisteransi@https://registry.npmjs.org/sisteransi/-/sisteransi-1.0.5.tgz. Extracting by manifest.
348 silly tarball no local data for readable-stream@https://registry.npmjs.org/readable-stream/-/readable-stream-1.1.14.tgz. Extracting by manifest.
349 silly tarball no local data for kleur@https://registry.npmjs.org/kleur/-/kleur-3.0.3.tgz. Extracting by manifest.
350 silly tarball no local data for through2@https://registry.npmjs.org/through2/-/through2-0.6.5.tgz. Extracting by manifest.
351 silly tarball no local data for duplexer2@https://registry.npmjs.org/duplexer2/-/duplexer2-0.0.2.tgz. Extracting by manifest.
352 silly tarball no local data for buffer-from@https://registry.npmjs.org/buffer-from/-/buffer-from-0.1.2.tgz. Extracting by manifest.
353 silly tarball no local data for universalify@https://registry.npmjs.org/universalify/-/universalify-2.0.1.tgz. Extracting by manifest.
354 silly tarball no local data for which@https://registry.npmjs.org/which/-/which-2.0.2.tgz. Extracting by manifest.
355 silly tarball no local data for jsonfile@https://registry.npmjs.org/jsonfile/-/jsonfile-6.1.0.tgz. Extracting by manifest.
356 silly tarball no local data for graceful-fs@https://registry.npmjs.org/graceful-fs/-/graceful-fs-4.2.11.tgz. Extracting by manifest.
357 silly tarball no local data for path-key@https://registry.npmjs.org/path-key/-/path-key-3.1.1.tgz. Extracting by manifest.
358 silly tarball no local data for shebang-command@https://registry.npmjs.org/shebang-command/-/shebang-command-2.0.0.tgz. Extracting by manifest.
359 silly tarball no local data for color-name@https://registry.npmjs.org/color-name/-/color-name-1.1.4.tgz. Extracting by manifest.
360 silly tarball no local data for color-convert@https://registry.npmjs.org/color-convert/-/color-convert-2.0.1.tgz. Extracting by manifest.
361 silly tarball no local data for supports-color@https://registry.npmjs.org/supports-color/-/supports-color-7.2.0.tgz. Extracting by manifest.
362 silly tarball no local data for ansi-styles@https://registry.npmjs.org/ansi-styles/-/ansi-styles-4.3.0.tgz. Extracting by manifest.
363 silly tarball no local data for validate-npm-package-name@https://registry.npmjs.org/validate-npm-package-name/-/validate-npm-package-name-3.0.0.tgz. Extracting by manifest.
364 silly tarball no local data for tmp@https://registry.npmjs.org/tmp/-/tmp-0.2.3.tgz. Extracting by manifest.
365 silly tarball no local data for tar-pack@https://registry.npmjs.org/tar-pack/-/tar-pack-3.4.1.tgz. Extracting by manifest.
366 silly tarball no local data for semver@https://registry.npmjs.org/semver/-/semver-7.6.0.tgz. Extracting by manifest.
367 silly tarball no local data for prompts@https://registry.npmjs.org/prompts/-/prompts-2.4.2.tgz. Extracting by manifest.
368 silly tarball no local data for hyperquest@https://registry.npmjs.org/hyperquest/-/hyperquest-2.1.3.tgz. Extracting by manifest.
369 silly tarball no local data for envinfo@https://registry.npmjs.org/envinfo/-/envinfo-7.11.1.tgz. Extracting by manifest.
370 silly tarball no local data for cross-spawn@https://registry.npmjs.org/cross-spawn/-/cross-spawn-7.0.3.tgz. Extracting by manifest.
371 silly tarball no local data for fs-extra@https://registry.npmjs.org/fs-extra/-/fs-extra-10.1.0.tgz. Extracting by manifest.
372 silly tarball no local data for commander@https://registry.npmjs.org/commander/-/commander-4.1.1.tgz. Extracting by manifest.
373 silly tarball no local data for chalk@https://registry.npmjs.org/chalk/-/chalk-4.1.2.tgz. Extracting by manifest.
374 silly tarball no local data for create-react-app@https://registry.npmjs.org/create-react-app/-/create-react-app-5.0.1.tgz. Extracting by manifest.
375 silly tarball no local data for readable-stream@https://registry.npmjs.org/readable-stream/-/readable-stream-1.0.34.tgz. Extracting by manifest.
376 silly tarball no local data for readable-stream@https://registry.npmjs.org/readable-stream/-/readable-stream-2.3.8.tgz. Extracting by manifest.
377 silly tarball no local data for isarray@https://registry.npmjs.org/isarray/-/isarray-1.0.0.tgz. Extracting by manifest.
378 silly tarball no local data for string_decoder@https://registry.npmjs.org/string_decoder/-/string_decoder-1.1.1.tgz. Extracting by manifest.
379 http fetch POST 200 https://registry.npmjs.org/-/npm/v1/security/advisories/bulk 208ms
380 timing auditReport:getReport Completed in 211ms
381 silly audit report {
381 silly audit report   tar: [
381 silly audit report     {
381 silly audit report       id: 1089685,
381 silly audit report       url: 'https://github.com/advisories/GHSA-3jfq-g458-7qm9',
381 silly audit report       title: 'Arbitrary File Creation/Overwrite due to insufficient absolute path sanitization',
381 silly audit report       severity: 'high',
381 silly audit report       vulnerable_versions: '<3.2.2',
381 silly audit report       cwe: [Array],
381 silly audit report       cvss: [Object]
381 silly audit report     },
381 silly audit report     {
381 silly audit report       id: 1095117,
381 silly audit report       url: 'https://github.com/advisories/GHSA-5955-9wpr-37jh',
381 silly audit report       title: 'Arbitrary File Creation/Overwrite on Windows via insufficient relative path sanitization',
381 silly audit report       severity: 'high',
381 silly audit report       vulnerable_versions: '<4.4.18',
381 silly audit report       cwe: [Array],
381 silly audit report       cvss: [Object]
381 silly audit report     }
381 silly audit report   ]
381 silly audit report }
382 timing metavuln:packument:tar Completed in 1ms
383 timing metavuln:cache:get:security-advisory:tar:Oa066nJpV2ox85F6qnk1N5eWmAmoWAMU7byYhWk4oYfHYrQ8aGHfCKRikfcy0dHDcKWKiPRc7Nz7R9fxKkj0Yw== Completed in 33ms
384 timing metavuln:load:security-advisory:tar:1089685 Completed in 3ms
385 timing metavuln:cache:get:security-advisory:tar:2lGtz15Gs28nRX11iCY/mSa25Ky4CfNVzD5qptDvtqdkLXPb/znmxdJ/4OrOyJZ2qQgFtnfxP9ee2xfimUMfuw== Completed in 36ms
386 timing metavuln:load:security-advisory:tar:1095117 Completed in 2ms
387 http fetch GET 200 https://registry.npmjs.org/builtins/-/builtins-1.0.3.tgz 325ms (cache miss)
388 http fetch GET 200 https://registry.npmjs.org/process-nextick-args/-/process-nextick-args-2.0.1.tgz 338ms (cache miss)
389 timing reifyNode:node_modules/process-nextick-args Completed in 366ms
390 http fetch GET 200 https://registry.npmjs.org/isexe/-/isexe-2.0.0.tgz 339ms (cache miss)
391 http fetch GET 200 https://registry.npmjs.org/path-is-absolute/-/path-is-absolute-1.0.1.tgz 349ms (cache miss)
392 timing reifyNode:node_modules/path-is-absolute Completed in 380ms
393 timing metavuln:cache:put:security-advisory:tar:2lGtz15Gs28nRX11iCY/mSa25Ky4CfNVzD5qptDvtqdkLXPb/znmxdJ/4OrOyJZ2qQgFtnfxP9ee2xfimUMfuw== Completed in 140ms
394 timing metavuln:calculate:security-advisory:tar:1095117 Completed in 178ms
395 http fetch GET 200 https://registry.npmjs.org/safe-buffer/-/safe-buffer-5.1.2.tgz 362ms (cache miss)
396 http fetch GET 200 https://registry.npmjs.org/core-util-is/-/core-util-is-1.0.3.tgz 348ms (cache miss)
397 http fetch GET 200 https://registry.npmjs.org/fs.realpath/-/fs.realpath-1.0.0.tgz 366ms (cache miss)
398 timing reifyNode:node_modules/core-util-is Completed in 398ms
399 http fetch GET 200 https://registry.npmjs.org/block-stream/-/block-stream-0.0.9.tgz 371ms (cache miss)
400 http fetch GET 200 https://registry.npmjs.org/universalify/-/universalify-2.0.1.tgz 356ms (cache miss)
401 timing reifyNode:node_modules/universalify Completed in 399ms
402 timing metavuln:cache:put:security-advisory:tar:Oa066nJpV2ox85F6qnk1N5eWmAmoWAMU7byYhWk4oYfHYrQ8aGHfCKRikfcy0dHDcKWKiPRc7Nz7R9fxKkj0Yw== Completed in 156ms
403 timing metavuln:calculate:security-advisory:tar:1089685 Completed in 193ms
404 timing metavuln:packument:tar-pack Completed in 0ms
405 http fetch GET 200 https://registry.npmjs.org/util-deprecate/-/util-deprecate-1.0.2.tgz 381ms (cache miss)
406 timing reifyNode:node_modules/block-stream Completed in 408ms
407 timing reifyNode:node_modules/safe-buffer Completed in 409ms
408 http fetch GET 200 https://registry.npmjs.org/color-name/-/color-name-1.1.4.tgz 364ms (cache miss)
409 timing metavuln:cache:get:security-advisory:tar-pack:3KXljJwoAr/NHejfU6kg41RmjF3Pg6M28t7ViuMjk5SYV3kYL9qyGZ417dIFb1Y8K+hhpo0sBWpskxrKhsZQzQ== Completed in 10ms
410 timing metavuln:load:security-advisory:tar-pack:Oa066nJpV2ox85F6qnk1N5eWmAmoWAMU7byYhWk4oYfHYrQ8aGHfCKRikfcy0dHDcKWKiPRc7Nz7R9fxKkj0Yw== Completed in 3ms
411 timing reifyNode:node_modules/color-name Completed in 421ms
412 timing reifyNode:node_modules/fs.realpath Completed in 425ms
413 http fetch GET 200 https://registry.npmjs.org/buffer-from/-/buffer-from-0.1.2.tgz 390ms (cache miss)
414 timing reifyNode:node_modules/buffer-from Completed in 432ms
415 http fetch GET 200 https://registry.npmjs.org/kleur/-/kleur-3.0.3.tgz 392ms (cache miss)
416 http fetch GET 200 https://registry.npmjs.org/through2/-/through2-0.6.5.tgz 393ms (cache miss)
417 http fetch GET 200 https://registry.npmjs.org/isarray/-/isarray-0.0.1.tgz 394ms (cache miss)
418 timing reifyNode:node_modules/util-deprecate Completed in 442ms
419 http fetch GET 200 https://registry.npmjs.org/shebang-command/-/shebang-command-2.0.0.tgz 400ms (cache miss)
420 timing reifyNode:node_modules/shebang-command Completed in 444ms
421 timing reifyNode:node_modules/kleur Completed in 452ms
422 timing reifyNode:node_modules/through2 Completed in 474ms
423 timing reifyNode:node_modules/builtins Completed in 476ms
424 timing reifyNode:node_modules/isarray Completed in 475ms
425 http fetch GET 200 https://registry.npmjs.org/string_decoder/-/string_decoder-1.1.1.tgz 503ms (cache miss)
426 timing reifyNode:node_modules/tar-pack/node_modules/string_decoder Completed in 576ms
427 timing reifyNode:node_modules/isexe Completed in 578ms
428 http fetch GET 200 https://registry.npmjs.org/duplexer2/-/duplexer2-0.0.2.tgz 546ms (cache miss)
429 http fetch GET 200 https://registry.npmjs.org/glob/-/glob-7.2.3.tgz 567ms (cache miss)
430 timing reifyNode:node_modules/glob Completed in 599ms
431 http fetch GET 200 https://registry.npmjs.org/isarray/-/isarray-1.0.0.tgz 556ms (cache miss)
432 http fetch GET 200 https://registry.npmjs.org/inflight/-/inflight-1.0.6.tgz 581ms (cache miss)
433 timing reifyNode:node_modules/inflight Completed in 612ms
434 timing reifyNode:node_modules/duplexer2 Completed in 617ms
435 http fetch GET 200 https://registry.npmjs.org/jsonfile/-/jsonfile-6.1.0.tgz 595ms (cache miss)
436 timing reifyNode:node_modules/jsonfile Completed in 638ms
437 http fetch GET 200 https://registry.npmjs.org/color-convert/-/color-convert-2.0.1.tgz 594ms (cache miss)
438 timing reifyNode:node_modules/tar-pack/node_modules/isarray Completed in 672ms
439 timing metavuln:cache:put:security-advisory:tar-pack:3KXljJwoAr/NHejfU6kg41RmjF3Pg6M28t7ViuMjk5SYV3kYL9qyGZ417dIFb1Y8K+hhpo0sBWpskxrKhsZQzQ== Completed in 260ms
440 timing metavuln:calculate:security-advisory:tar-pack:Oa066nJpV2ox85F6qnk1N5eWmAmoWAMU7byYhWk4oYfHYrQ8aGHfCKRikfcy0dHDcKWKiPRc7Nz7R9fxKkj0Yw== Completed in 274ms
441 timing metavuln:packument:create-react-app Completed in 1ms
442 timing reifyNode:node_modules/color-convert Completed in 695ms
443 http fetch GET 200 https://registry.npmjs.org/create-react-app/-/create-react-app-5.0.1.tgz 647ms (cache miss)
444 timing reifyNode:node_modules/create-react-app Completed in 696ms
445 http fetch GET 200 https://registry.npmjs.org/uid-number/-/uid-number-0.0.6.tgz 664ms (cache miss)
446 timing metavuln:cache:get:security-advisory:create-react-app:BAP5sjD/UipbJVBCija12WlnlurqvRCOfkHPDCK3St763W6JIxpLfRD1F9PMmW4GEaZmK6BFkh/Pye257xPpCw== Completed in 24ms
447 timing metavuln:load:security-advisory:create-react-app:3KXljJwoAr/NHejfU6kg41RmjF3Pg6M28t7ViuMjk5SYV3kYL9qyGZ417dIFb1Y8K+hhpo0sBWpskxrKhsZQzQ== Completed in 17ms
448 http fetch GET 200 https://registry.npmjs.org/ms/-/ms-2.0.0.tgz 716ms (cache miss)
449 timing reifyNode:node_modules/ms Completed in 750ms
450 http fetch GET 200 https://registry.npmjs.org/graceful-fs/-/graceful-fs-4.2.11.tgz 709ms (cache miss)
451 timing reifyNode:node_modules/graceful-fs Completed in 752ms
452 http fetch GET 200 https://registry.npmjs.org/string_decoder/-/string_decoder-0.10.31.tgz 723ms (cache miss)
453 timing reifyNode:node_modules/uid-number Completed in 766ms
454 http fetch GET 200 https://registry.npmjs.org/yallist/-/yallist-4.0.0.tgz 736ms (cache miss)
455 http fetch GET 200 https://registry.npmjs.org/mkdirp/-/mkdirp-0.5.6.tgz 743ms (cache miss)
456 timing reifyNode:node_modules/string_decoder Completed in 777ms
457 http fetch GET 200 https://registry.npmjs.org/lru-cache/-/lru-cache-6.0.0.tgz 741ms (cache miss)
458 timing reifyNode:node_modules/lru-cache Completed in 781ms
459 http fetch GET 200 https://registry.npmjs.org/brace-expansion/-/brace-expansion-1.1.11.tgz 749ms (cache miss)
460 timing reifyNode:node_modules/brace-expansion Completed in 783ms
461 timing reifyNode:node_modules/yallist Completed in 785ms
462 timing reifyNode:node_modules/mkdirp Completed in 794ms
463 http fetch GET 200 https://registry.npmjs.org/xtend/-/xtend-4.0.2.tgz 776ms (cache miss)
464 http fetch GET 200 https://registry.npmjs.org/concat-map/-/concat-map-0.0.1.tgz 780ms (cache miss)
465 http fetch GET 200 https://registry.npmjs.org/path-key/-/path-key-3.1.1.tgz 769ms (cache miss)
466 http fetch GET 200 https://registry.npmjs.org/minimatch/-/minimatch-3.1.2.tgz 782ms (cache miss)
467 timing reifyNode:node_modules/minimatch Completed in 817ms
468 timing reifyNode:node_modules/path-key Completed in 816ms
469 http fetch GET 200 https://registry.npmjs.org/ansi-styles/-/ansi-styles-4.3.0.tgz 773ms (cache miss)
470 timing reifyNode:node_modules/ansi-styles Completed in 820ms
471 timing reifyNode:node_modules/concat-map Completed in 823ms
472 timing metavuln:cache:put:security-advisory:create-react-app:BAP5sjD/UipbJVBCija12WlnlurqvRCOfkHPDCK3St763W6JIxpLfRD1F9PMmW4GEaZmK6BFkh/Pye257xPpCw== Completed in 109ms
473 timing metavuln:calculate:security-advisory:create-react-app:3KXljJwoAr/NHejfU6kg41RmjF3Pg6M28t7ViuMjk5SYV3kYL9qyGZ417dIFb1Y8K+hhpo0sBWpskxrKhsZQzQ== Completed in 150ms
474 timing auditReport:init Completed in 639ms
475 timing reify:audit Completed in 852ms
476 http fetch GET 200 https://registry.npmjs.org/inherits/-/inherits-2.0.4.tgz 816ms (cache miss)
477 http fetch GET 200 https://registry.npmjs.org/commander/-/commander-4.1.1.tgz 812ms (cache miss)
478 timing reifyNode:node_modules/commander Completed in 860ms
479 timing reifyNode:node_modules/xtend Completed in 863ms
480 http fetch GET 200 https://registry.npmjs.org/sisteransi/-/sisteransi-1.0.5.tgz 820ms (cache miss)
481 http fetch GET 200 https://registry.npmjs.org/balanced-match/-/balanced-match-1.0.2.tgz 830ms (cache miss)
482 timing reifyNode:node_modules/inherits Completed in 864ms
483 timing reifyNode:node_modules/sisteransi Completed in 866ms
484 timing reifyNode:node_modules/balanced-match Completed in 869ms
485 http fetch GET 200 https://registry.npmjs.org/tmp/-/tmp-0.2.3.tgz 825ms (cache miss)
486 timing reifyNode:node_modules/tmp Completed in 872ms
487 http fetch GET 200 https://registry.npmjs.org/chalk/-/chalk-4.1.2.tgz 833ms (cache miss)
488 timing reifyNode:node_modules/chalk Completed in 883ms
489 http fetch GET 200 https://registry.npmjs.org/tar-pack/-/tar-pack-3.4.1.tgz 841ms (cache miss)
490 timing reifyNode:node_modules/tar-pack Completed in 889ms
491 http fetch GET 200 https://registry.npmjs.org/minimist/-/minimist-1.2.8.tgz 864ms (cache miss)
492 timing reifyNode:node_modules/minimist Completed in 900ms
493 http fetch GET 200 https://registry.npmjs.org/has-flag/-/has-flag-4.0.0.tgz 1003ms (cache miss)
494 timing reifyNode:node_modules/has-flag Completed in 1046ms
495 http fetch GET 200 https://registry.npmjs.org/once/-/once-1.4.0.tgz 1026ms (cache miss)
496 timing reifyNode:node_modules/once Completed in 1063ms
497 http fetch GET 200 https://registry.npmjs.org/shebang-regex/-/shebang-regex-3.0.0.tgz 1029ms (cache miss)
498 timing reifyNode:node_modules/shebang-regex Completed in 1070ms
499 http fetch GET 200 https://registry.npmjs.org/readable-stream/-/readable-stream-1.1.14.tgz 1029ms (cache miss)
500 timing reifyNode:node_modules/readable-stream Completed in 1071ms
501 http fetch GET 200 https://registry.npmjs.org/fstream-ignore/-/fstream-ignore-1.0.5.tgz 1038ms (cache miss)
502 timing reifyNode:node_modules/fstream-ignore Completed in 1073ms
503 http fetch GET 200 https://registry.npmjs.org/which/-/which-2.0.2.tgz 1031ms (cache miss)
504 http fetch GET 200 https://registry.npmjs.org/rimraf/-/rimraf-2.7.1.tgz 1040ms (cache miss)
505 timing reifyNode:node_modules/rimraf Completed in 1076ms
506 http fetch GET 200 https://registry.npmjs.org/fs-extra/-/fs-extra-10.1.0.tgz 1028ms (cache miss)
507 timing reifyNode:node_modules/fs-extra Completed in 1076ms
508 timing reifyNode:node_modules/which Completed in 1078ms
509 http fetch GET 200 https://registry.npmjs.org/cross-spawn/-/cross-spawn-7.0.3.tgz 1041ms (cache miss)
510 timing reifyNode:node_modules/cross-spawn Completed in 1089ms
511 http fetch GET 200 https://registry.npmjs.org/readable-stream/-/readable-stream-1.0.34.tgz 1060ms (cache miss)
512 timing reifyNode:node_modules/through2/node_modules/readable-stream Completed in 1111ms
513 http fetch GET 200 https://registry.npmjs.org/fstream/-/fstream-1.0.12.tgz 1101ms (cache miss)
514 timing reifyNode:node_modules/fstream Completed in 1137ms
515 http fetch GET 200 https://registry.npmjs.org/supports-color/-/supports-color-7.2.0.tgz 1180ms (cache miss)
516 timing reifyNode:node_modules/supports-color Completed in 1227ms
517 http fetch GET 200 https://registry.npmjs.org/hyperquest/-/hyperquest-2.1.3.tgz 1186ms (cache miss)
518 timing reifyNode:node_modules/hyperquest Completed in 1238ms
519 http fetch GET 200 https://registry.npmjs.org/validate-npm-package-name/-/validate-npm-package-name-3.0.0.tgz 1201ms (cache miss)
520 timing reifyNode:node_modules/validate-npm-package-name Completed in 1248ms
521 http fetch GET 200 https://registry.npmjs.org/tar/-/tar-2.2.2.tgz 1328ms (cache miss)
522 warn deprecated tar@2.2.2: This version of tar is no longer supported, and will not receive security updates. Please upgrade asap.
523 timing reifyNode:node_modules/tar Completed in 1368ms
524 http fetch GET 200 https://registry.npmjs.org/semver/-/semver-7.6.0.tgz 1372ms (cache miss)
525 timing reifyNode:node_modules/semver Completed in 1419ms
526 http fetch GET 200 https://registry.npmjs.org/debug/-/debug-2.6.9.tgz 1385ms (cache miss)
527 timing reifyNode:node_modules/debug Completed in 1421ms
528 http fetch GET 200 https://registry.npmjs.org/prompts/-/prompts-2.4.2.tgz 1402ms (cache miss)
529 timing reifyNode:node_modules/prompts Completed in 1450ms
530 http fetch GET 200 https://registry.npmjs.org/wrappy/-/wrappy-1.0.2.tgz 1621ms (cache miss)
531 timing reifyNode:node_modules/wrappy Completed in 1654ms
532 http fetch GET 200 https://registry.npmjs.org/readable-stream/-/readable-stream-2.3.8.tgz 1786ms (cache miss)
533 timing reifyNode:node_modules/tar-pack/node_modules/readable-stream Completed in 1835ms
534 http fetch GET 200 https://registry.npmjs.org/envinfo/-/envinfo-7.11.1.tgz 2168ms (cache miss)
535 timing reifyNode:node_modules/envinfo Completed in 2215ms
536 timing reify:unpack Completed in 2218ms
537 timing reify:unretire Completed in 0ms
538 timing build:queue Completed in 7ms
539 timing build:link:node_modules/create-react-app Completed in 27ms
540 timing build:link:node_modules/mkdirp Completed in 26ms
541 timing build:link:node_modules/rimraf Completed in 26ms
542 timing build:link:node_modules/semver Completed in 26ms
543 timing build:link:node_modules/which Completed in 25ms
544 timing build:link:node_modules/envinfo Completed in 27ms
545 timing build:link Completed in 28ms
546 timing build:deps Completed in 37ms
547 timing build Completed in 38ms
548 timing reify:build Completed in 39ms
549 timing reify:trash Completed in 0ms
550 timing reify:save Completed in 63ms
551 timing reify Completed in 5436ms
552 timing command:exec Completed in 391082ms
553 notice
553 notice New [33mminor[39m version of npm available! [31m10.2.4[39m -> [32m10.5.0[39m
553 notice Changelog: [36mhttps://github.com/npm/cli/releases/tag/v10.5.0[39m
553 notice Run [32mnpm install -g npm@10.5.0[39m to update!
553 notice
554 verbose exit 0
555 timing npm Completed in 391736ms
556 info ok
