0 verbose cli C:\Program Files\nodejs\node.exe C:\Program Files\nodejs\node_modules\npm\bin\npm-cli.js
1 info using npm@10.2.4
2 info using node@v21.6.2
3 timing npm:load:whichnode Completed in 4ms
4 timing config:load:defaults Completed in 4ms
5 timing config:load:file:C:\Program Files\nodejs\node_modules\npm\npmrc Completed in 6ms
6 timing config:load:builtin Completed in 6ms
7 timing config:load:cli Completed in 1ms
8 timing config:load:env Completed in 1ms
9 timing config:load:file:C:\Users\daadh\ENSF381\.npmrc Completed in 0ms
10 timing config:load:project Completed in 3ms
11 timing config:load:file:C:\Users\daadh\.npmrc Completed in 1ms
12 timing config:load:user Completed in 1ms
13 timing config:load:file:C:\Users\daadh\AppData\Roaming\npm\etc\npmrc Completed in 1ms
14 timing config:load:global Completed in 1ms
15 timing config:load:setEnvs Completed in 1ms
16 timing config:load Completed in 18ms
17 timing npm:load:configload Completed in 18ms
18 timing config:load:flatten Completed in 2ms
19 timing npm:load:mkdirpcache Completed in 1ms
20 timing npm:load:mkdirplogs Completed in 1ms
21 verbose title npm start
22 verbose argv "start"
23 timing npm:load:setTitle Completed in 1ms
24 timing npm:load:display Completed in 1ms
25 verbose logfile logs-max:10 dir:C:\Users\daadh\ENSF381\Users\daadh\AppData\Roaming\npm-cache\_logs\2024-03-11T19_17_39_804Z-
26 verbose logfile C:\Users\daadh\ENSF381\Users\daadh\AppData\Roaming\npm-cache\_logs\2024-03-11T19_17_39_804Z-debug-0.log
27 timing npm:load:logFile Completed in 14ms
28 timing npm:load:timers Completed in 0ms
29 timing npm:load:configScope Completed in 1ms
30 timing npm:load Completed in 69ms
31 timing command:run-script Completed in 3ms
32 timing command:start Completed in 18ms
33 verbose stack Error: Could not read package.json: Error: ENOENT: no such file or directory, open 'C:\Users\daadh\ENSF381\package.json'
33 verbose stack     at async open (node:internal/fs/promises:633:25)
33 verbose stack     at async readFile (node:internal/fs/promises:1242:14)
33 verbose stack     at async PackageJson.load (C:\Program Files\nodejs\node_modules\npm\node_modules\@npmcli\package-json\lib\index.js:129:31)
33 verbose stack     at async PackageJson.normalize (C:\Program Files\nodejs\node_modules\npm\node_modules\@npmcli\package-json\lib\index.js:115:5)
33 verbose stack     at async RunScript.run (C:\Program Files\nodejs\node_modules\npm\lib\commands\run-script.js:72:27)
33 verbose stack     at async module.exports (C:\Program Files\nodejs\node_modules\npm\lib\cli-entry.js:61:5)
34 verbose cwd C:\Users\daadh\ENSF381
35 verbose Windows_NT 10.0.22621
36 verbose node v21.6.2
37 verbose npm  v10.2.4
38 error code ENOENT
39 error syscall open
40 error path C:\Users\daadh\ENSF381\package.json
41 error errno -4058
42 error enoent Could not read package.json: Error: ENOENT: no such file or directory, open 'C:\Users\daadh\ENSF381\package.json'
43 error enoent This is related to npm not being able to find a file.
43 error enoent
44 verbose exit -4058
45 timing npm Completed in 155ms
46 verbose code -4058
47 error A complete log of this run can be found in: C:\Users\daadh\ENSF381\Users\daadh\AppData\Roaming\npm-cache\_logs\2024-03-11T19_17_39_804Z-debug-0.log
